<?xml version="1.0" encoding="UTF-8"?>
<!-- Generated by org.testng.reporters.JUnitReportReporter -->
<testsuite skipped="0" hostname="TL0020" name="week7.day1.CreateLead" tests="4" failures="0" timestamp="2022-10-16T16:05:58 IST" time="104.736" errors="0">
  <testcase name="runCreateLead" time="13.728" classname="week7.day1.CreateLead"/>
  <system-out/>
  <testcase name="runCreateLead" time="24.210" classname="week7.day1.CreateLead"/>
  <system-out/>
  <testcase name="runCreateLead" time="32.404" classname="week7.day1.CreateLead"/>
  <system-out/>
  <testcase name="runCreateLead" time="34.394" classname="week7.day1.CreateLead"/>
  <system-out/>
</testsuite> <!-- week7.day1.CreateLead -->
