<?xml version="1.0" encoding="UTF-8"?>
<!-- Generated by org.testng.reporters.JUnitReportReporter -->
<testsuite skipped="0" hostname="TL0020" name="week6.day2.CreateLead" tests="2" failures="0" timestamp="2022-10-15T18:25:05 IST" time="28.123" errors="0">
  <testcase name="runCreateLead" time="15.805" classname="week6.day2.CreateLead"/>
  <system-out/>
  <testcase name="runCreateLead" time="12.318" classname="week6.day2.CreateLead"/>
  <system-out/>
</testsuite> <!-- week6.day2.CreateLead -->
