<?xml version="1.0" encoding="UTF-8"?>
<!-- Generated by org.testng.reporters.JUnitReportReporter -->
<testsuite skipped="0" hostname="TL0020" name="testcase.CreateLeadTest" tests="2" failures="0" timestamp="2022-10-22T18:47:39 IST" time="28.136" errors="0">
  <testcase name="runCreateLead" time="11.351" classname="testcase.CreateLeadTest"/>
  <system-out/>
  <testcase name="runCreateLead" time="16.785" classname="testcase.CreateLeadTest"/>
  <system-out/>
</testsuite> <!-- testcase.CreateLeadTest -->
