<?xml version="1.0" encoding="UTF-8"?>
<!-- Generated by org.testng.reporters.JUnitReportReporter -->
<testsuite skipped="0" hostname="TL0020" name="testcase.LoginTest" tests="2" failures="0" timestamp="2022-10-22T18:47:39 IST" time="28.710" errors="0">
  <testcase name="runLogin" time="8.800" classname="testcase.LoginTest"/>
  <system-out/>
  <testcase name="runLogin" time="19.910" classname="testcase.LoginTest"/>
  <system-out/>
</testsuite> <!-- testcase.LoginTest -->
